SF:lib\services\earnings\earnings_models.dart
DA:14,1
DA:15,1
DA:16,1
DA:18,1
DA:20,1
DA:23,3
DA:28,1
DA:30,1
DA:32,1
DA:34,1
DA:52,1
DA:64,1
DA:65,1
DA:66,2
DA:67,2
DA:68,2
DA:69,2
DA:70,2
DA:71,2
DA:72,2
DA:73,2
DA:74,1
DA:79,1
DA:94,4
DA:111,1
DA:125,1
DA:126,1
DA:127,1
DA:128,1
DA:129,1
DA:130,1
DA:131,3
DA:132,2
DA:133,2
DA:134,2
DA:135,2
DA:136,1
DA:137,0
DA:139,1
DA:150,1
DA:156,1
DA:157,1
DA:158,1
DA:160,3
DA:161,1
DA:162,1
DA:163,2
DA:168,0
LF:48
LH:46
end_of_record
SF:lib\services\messages\message_models.dart
DA:8,1
DA:21,1
DA:23,1
DA:24,1
DA:26,1
DA:27,2
DA:28,2
DA:29,1
DA:30,2
DA:32,1
DA:33,0
DA:34,1
DA:35,1
DA:37,1
DA:38,0
DA:39,1
DA:40,1
DA:41,2
DA:42,1
DA:43,3
DA:44,1
DA:45,0
DA:47,1
DA:48,4
DA:49,2
DA:64,1
DA:65,3
DA:66,1
DA:67,5
DA:68,8
DA:72,0
DA:73,0
DA:74,0
DA:75,0
DA:77,0
DA:78,0
DA:79,0
DA:80,0
DA:82,0
DA:83,0
DA:84,0
DA:90,1
DA:104,1
DA:105,1
DA:106,2
DA:108,2
DA:109,2
DA:111,2
DA:112,1
DA:113,1
DA:115,2
DA:116,2
DA:117,2
DA:119,1
DA:120,3
DA:121,1
DA:122,2
DA:127,1
DA:132,1
DA:133,3
DA:137,1
DA:152,0
DA:153,0
DA:157,1
DA:162,1
DA:163,0
DA:164,1
DA:165,1
DA:166,1
DA:167,1
DA:168,1
DA:169,0
DA:170,1
LF:73
LH:55
end_of_record
SF:lib\services\missions\mission_models.dart
DA:18,1
DA:19,1
DA:20,1
DA:22,1
DA:24,1
DA:26,1
DA:28,1
DA:30,1
DA:38,1
DA:40,1
DA:42,1
DA:44,1
DA:46,1
DA:48,1
DA:50,1
DA:103,1
DA:122,1
DA:123,1
DA:124,1
DA:125,1
DA:126,1
DA:127,1
DA:128,2
DA:129,2
DA:130,2
DA:131,2
DA:132,1
DA:133,1
DA:134,1
DA:135,1
DA:136,2
DA:137,1
DA:138,2
DA:139,1
DA:140,1
DA:141,2
DA:142,1
DA:147,1
DA:148,1
DA:149,1
DA:150,1
DA:151,1
DA:152,1
DA:153,2
DA:154,1
DA:155,1
DA:156,1
DA:157,1
DA:158,1
DA:159,1
DA:160,1
DA:161,1
DA:162,2
DA:163,2
DA:168,4
DA:171,1
DA:172,1
DA:173,2
DA:174,4
DA:176,3
DA:179,1
DA:180,4
LF:62
LH:62
end_of_record
